POST /api/payment/orders 932.110 ms
POST /api/payment/orders 967.477 ms
POST /api/payment/orders 956.071 ms
POST /api/payment/orders 705.360 ms
POST /api/payment/orders 983.223 ms
POST /api/payment/orders 1149.211 ms
POST /api/payment/orders 1032.925 ms
POST /buses/search - ms
POST /buses/search - ms
POST /buses/search 87.085 ms
POST /buses/search 96.846 ms
POST /buses/search 62.477 ms
POST /buses/search 70.346 ms
POST /buses/search 65.926 ms
POST /buses/search 81.874 ms
POST /api/payment/orders 626.635 ms
POST /api/payment/orders 835.735 ms
POST /api/payment/orders 728.681 ms
POST /api/payment/verify 1.998 ms
POST /api/payment/confirm 109.676 ms
POST /user/login 290.951 ms
GET /admin/fetch_buses_count 83.656 ms
GET /admin/fetch_users_count 91.755 ms
GET /admin/fetch_users_count 95.955 ms
GET /admin/fetch_buses_count 101.613 ms
GET /admin/fetch_buses_count 93.217 ms
GET /admin/fetch_users_count 99.742 ms
GET /admin/fetch_users_count 92.014 ms
GET /admin/fetch_buses_count 97.544 ms
GET /admin/fetch_buses_count 95.670 ms
GET /admin/fetch_users_count 102.860 ms
GET /admin/fetch_users_count 99.161 ms
GET /admin/fetch_buses_count 106.267 ms
GET /user/getadmin 742.438 ms
GET /admin/fetch_buses_count 91.657 ms
GET /admin/fetch_users_count 95.654 ms
GET /user/getadmin 101.357 ms
GET /admin/fetch_users_count 90.971 ms
GET /admin/fetch_buses_count 98.151 ms
GET /admin/fetch_buses_count 96.111 ms
GET /admin/fetch_users_count 101.038 ms
GET /admin/fetch_users_count 93.659 ms
GET /admin/fetch_buses_count 100.933 ms
GET /admin/fetch_users 85.418 ms
GET /admin/fetch_users 45.181 ms
GET /admin/fetch_busses 72.111 ms
POST /buses/insert 147.822 ms
GET /admin/fetch_busses 122.298 ms
GET /user/getuser 1.098 ms
GET /user/getuser 0.492 ms
POST /buses/search 204.752 ms
POST /buses/search 218.558 ms
GET /user/getuser 0.771 ms
GET /user/getuser 0.486 ms
POST /buses/search 131.309 ms
POST /buses/search 144.487 ms
POST /api/payment/orders 1066.034 ms
